<?xml version="1.0" encoding="UTF-8"?>
<!-- Generated by org.testng.reporters.JUnitReportReporter -->
<testsuite skipped="0" hostname="HO-356" name="appTests.NumberCompare" tests="1" failures="0" timestamp="13 Oct 2021 08:18:54 GMT" time="0.063" errors="0">
  <testcase name="intComparison" time="0.063" classname="appTests.NumberCompare"/>
</testsuite> <!-- appTests.NumberCompare -->
