<?xml version="1.0" encoding="UTF-8"?>
<!-- Generated by org.testng.reporters.JUnitReportReporter -->
<testsuite hostname="HO-356" failures="0" tests="1" name="appTests.NumberCompare" time="०.०००" errors="0" timestamp="१३ ऑक्टो २०२१ ०९:५६:०३ GMT" skipped="0">
  <testcase classname="appTests.NumberCompare" name="intComparison" time="०.०००"/>
</testsuite> <!-- appTests.NumberCompare -->
