<?xml version="1.0" encoding="UTF-8"?>
<!-- Generated by org.testng.reporters.JUnitReportReporter -->
<testsuite hostname="HO-356" failures="0" tests="2" name="appTests.AppTest" time="०.०४२" errors="0" timestamp="१३ ऑक्टो २०२१ ०९:५६:०३ GMT" skipped="0">
  <testcase classname="appTests.AppTest" name="loginTest" time="०.००१"/>
  <testcase classname="appTests.AppTest" name="invalidLoginTest" time="०.०४१"/>
</testsuite> <!-- appTests.AppTest -->
